Removed Pin From Net: NetName=NetD1_2 Pin=R6-1
Removed Pin From Net: NetName=NetD2_2 Pin=R7-1
Removed Pin From Net: NetName=NetD3_2 Pin=R8-1
Removed Pin From Net: NetName=NetD4_2 Pin=R9-1
Removed Pin From Net: NetName=NetD5_2 Pin=R10-1
Removed Pin From Net: NetName=GPIO16 Pin=U1-27
Removed Pin From Net: NetName=GPIO17 Pin=U1-28
Removed Pin From Net: NetName=GPIO18 Pin=U1-29
Removed Pin From Net: NetName=GPIO19 Pin=U1-30
Removed Pin From Net: NetName=GPIO20 Pin=U1-31
Change Component Footprint: Designator=R6 Old Footprint=J0-0402 New Footprint=FP-MCR01-IPC_B
Change Component Footprint: Designator=R7 Old Footprint=J0-0402 New Footprint=FP-MCR01-IPC_B
Change Component Footprint: Designator=R8 Old Footprint=J0-0402 New Footprint=FP-MCR01-IPC_B
Change Component Footprint: Designator=R9 Old Footprint=J0-0402 New Footprint=FP-MCR01-IPC_B
Change Component Footprint: Designator=R10 Old Footprint=J0-0402 New Footprint=FP-MCR01-IPC_B
Change Component Comment : Designator=R6 Old Comment=10K New Comment=27R4
Change Component Comment : Designator=R7 Old Comment=10K New Comment=27R4
Change Component Comment : Designator=R8 Old Comment=10K New Comment=27R4
Change Component Comment : Designator=R9 Old Comment=10K New Comment=27R4
Change Component Comment : Designator=R10 Old Comment=10K New Comment=27R4
Change Managed Component Library Link : Designator=R6 Old VaultGUID= New VaultGUID=B7D15EC3-160A-466F-A46C-7801FE6295A7 Old ItemGUID= New ItemGUID=F5F4B9A8-7F57-4342-A7C1-36325C05B726 Old RevisionGUID= New RevisionGUID=9FE5B989-F644-4CDE-A630-2018A3E15138
Change Managed Component Library Link : Designator=R7 Old VaultGUID= New VaultGUID=B7D15EC3-160A-466F-A46C-7801FE6295A7 Old ItemGUID= New ItemGUID=F5F4B9A8-7F57-4342-A7C1-36325C05B726 Old RevisionGUID= New RevisionGUID=9FE5B989-F644-4CDE-A630-2018A3E15138
Change Managed Component Library Link : Designator=R8 Old VaultGUID= New VaultGUID=B7D15EC3-160A-466F-A46C-7801FE6295A7 Old ItemGUID= New ItemGUID=F5F4B9A8-7F57-4342-A7C1-36325C05B726 Old RevisionGUID= New RevisionGUID=9FE5B989-F644-4CDE-A630-2018A3E15138
Change Managed Component Library Link : Designator=R9 Old VaultGUID= New VaultGUID=B7D15EC3-160A-466F-A46C-7801FE6295A7 Old ItemGUID= New ItemGUID=F5F4B9A8-7F57-4342-A7C1-36325C05B726 Old RevisionGUID= New RevisionGUID=9FE5B989-F644-4CDE-A630-2018A3E15138
Change Managed Component Library Link : Designator=R10 Old VaultGUID= New VaultGUID=B7D15EC3-160A-466F-A46C-7801FE6295A7 Old ItemGUID= New ItemGUID=F5F4B9A8-7F57-4342-A7C1-36325C05B726 Old RevisionGUID= New RevisionGUID=9FE5B989-F644-4CDE-A630-2018A3E15138
Change component parameters: Designator = "R6" ("R6"); Footprint = "J0-0402"; UniqueID = "\OUGYONVW" ("\OUGYONVW")
Change component parameters (AddParameter): Name = "Case/Package"; Value = "Molded"; VariantName = "[No Variations]"
Change component parameters (AddParameter): Name = "Depth"; Value = "0.5mm"; VariantName = "[No Variations]"
Change component parameters (AddParameter): Name = "Lead Free"; Value = "Lead Free"; VariantName = "[No Variations]"
Change component parameters (AddParameter): Name = "Length"; Value = "1mm"; VariantName = "[No Variations]"
Change component parameters (AddParameter): Name = "Max Operating Temperature"; Value = "155°C"; VariantName = "[No Variations]"
Change component parameters (AddParameter): Name = "Military Standard"; Value = "Not"; VariantName = "[No Variations]"
Change component parameters (AddParameter): Name = "Min Operating Temperature"; Value = "-55°C"; VariantName = "[No Variations]"
Change component parameters (AddParameter): Name = "Packaging"; Value = "Tape and Reel"; VariantName = "[No Variations]"
Change component parameters (AddParameter): Name = "Power Rating"; Value = "63mW"; VariantName = "[No Variations]"
Change component parameters (AddParameter): Name = "Resistance"; Value = "27R4"; VariantName = "[No Variations]"
Change component parameters (AddParameter): Name = "Resistor Type"; Value = "Thick Film"; VariantName = "[No Variations]"
Change component parameters (AddParameter): Name = "Tolerance"; Value = "5%"; VariantName = "[No Variations]"
Change component parameters (AddParameter): Name = "Voltage Rating (DC)"; Value = "50V"; VariantName = "[No Variations]"
Change component parameters: Designator = "R7" ("R7"); Footprint = "J0-0402"; UniqueID = "\WKZIYXVX" ("\WKZIYXVX")
Change component parameters (AddParameter): Name = "Case/Package"; Value = "Molded"; VariantName = "[No Variations]"
Change component parameters (AddParameter): Name = "Depth"; Value = "0.5mm"; VariantName = "[No Variations]"
Change component parameters (AddParameter): Name = "Lead Free"; Value = "Lead Free"; VariantName = "[No Variations]"
Change component parameters (AddParameter): Name = "Length"; Value = "1mm"; VariantName = "[No Variations]"
Change component parameters (AddParameter): Name = "Max Operating Temperature"; Value = "155°C"; VariantName = "[No Variations]"
Change component parameters (AddParameter): Name = "Military Standard"; Value = "Not"; VariantName = "[No Variations]"
Change component parameters (AddParameter): Name = "Min Operating Temperature"; Value = "-55°C"; VariantName = "[No Variations]"
Change component parameters (AddParameter): Name = "Packaging"; Value = "Tape and Reel"; VariantName = "[No Variations]"
Change component parameters (AddParameter): Name = "Power Rating"; Value = "63mW"; VariantName = "[No Variations]"
Change component parameters (AddParameter): Name = "Resistance"; Value = "27R4"; VariantName = "[No Variations]"
Change component parameters (AddParameter): Name = "Resistor Type"; Value = "Thick Film"; VariantName = "[No Variations]"
Change component parameters (AddParameter): Name = "Tolerance"; Value = "5%"; VariantName = "[No Variations]"
Change component parameters (AddParameter): Name = "Voltage Rating (DC)"; Value = "50V"; VariantName = "[No Variations]"
Change component parameters: Designator = "R8" ("R8"); Footprint = "J0-0402"; UniqueID = "\VJCWASDI" ("\VJCWASDI")
Change component parameters (AddParameter): Name = "Case/Package"; Value = "Molded"; VariantName = "[No Variations]"
Change component parameters (AddParameter): Name = "Depth"; Value = "0.5mm"; VariantName = "[No Variations]"
Change component parameters (AddParameter): Name = "Lead Free"; Value = "Lead Free"; VariantName = "[No Variations]"
Change component parameters (AddParameter): Name = "Length"; Value = "1mm"; VariantName = "[No Variations]"
Change component parameters (AddParameter): Name = "Max Operating Temperature"; Value = "155°C"; VariantName = "[No Variations]"
Change component parameters (AddParameter): Name = "Military Standard"; Value = "Not"; VariantName = "[No Variations]"
Change component parameters (AddParameter): Name = "Min Operating Temperature"; Value = "-55°C"; VariantName = "[No Variations]"
Change component parameters (AddParameter): Name = "Packaging"; Value = "Tape and Reel"; VariantName = "[No Variations]"
Change component parameters (AddParameter): Name = "Power Rating"; Value = "63mW"; VariantName = "[No Variations]"
Change component parameters (AddParameter): Name = "Resistance"; Value = "27R4"; VariantName = "[No Variations]"
Change component parameters (AddParameter): Name = "Resistor Type"; Value = "Thick Film"; VariantName = "[No Variations]"
Change component parameters (AddParameter): Name = "Tolerance"; Value = "5%"; VariantName = "[No Variations]"
Change component parameters (AddParameter): Name = "Voltage Rating (DC)"; Value = "50V"; VariantName = "[No Variations]"
Change component parameters: Designator = "R9" ("R9"); Footprint = "J0-0402"; UniqueID = "\HZJKWFDR" ("\HZJKWFDR")
Change component parameters (AddParameter): Name = "Case/Package"; Value = "Molded"; VariantName = "[No Variations]"
Change component parameters (AddParameter): Name = "Depth"; Value = "0.5mm"; VariantName = "[No Variations]"
Change component parameters (AddParameter): Name = "Lead Free"; Value = "Lead Free"; VariantName = "[No Variations]"
Change component parameters (AddParameter): Name = "Length"; Value = "1mm"; VariantName = "[No Variations]"
Change component parameters (AddParameter): Name = "Max Operating Temperature"; Value = "155°C"; VariantName = "[No Variations]"
Change component parameters (AddParameter): Name = "Military Standard"; Value = "Not"; VariantName = "[No Variations]"
Change component parameters (AddParameter): Name = "Min Operating Temperature"; Value = "-55°C"; VariantName = "[No Variations]"
Change component parameters (AddParameter): Name = "Packaging"; Value = "Tape and Reel"; VariantName = "[No Variations]"
Change component parameters (AddParameter): Name = "Power Rating"; Value = "63mW"; VariantName = "[No Variations]"
Change component parameters (AddParameter): Name = "Resistance"; Value = "27R4"; VariantName = "[No Variations]"
Change component parameters (AddParameter): Name = "Resistor Type"; Value = "Thick Film"; VariantName = "[No Variations]"
Change component parameters (AddParameter): Name = "Tolerance"; Value = "5%"; VariantName = "[No Variations]"
Change component parameters (AddParameter): Name = "Voltage Rating (DC)"; Value = "50V"; VariantName = "[No Variations]"
Change component parameters: Designator = "R10" ("R10"); Footprint = "J0-0402"; UniqueID = "\IPTLBNWV" ("\IPTLBNWV")
Change component parameters (AddParameter): Name = "Case/Package"; Value = "Molded"; VariantName = "[No Variations]"
Change component parameters (AddParameter): Name = "Depth"; Value = "0.5mm"; VariantName = "[No Variations]"
Change component parameters (AddParameter): Name = "Lead Free"; Value = "Lead Free"; VariantName = "[No Variations]"
Change component parameters (AddParameter): Name = "Length"; Value = "1mm"; VariantName = "[No Variations]"
Change component parameters (AddParameter): Name = "Max Operating Temperature"; Value = "155°C"; VariantName = "[No Variations]"
Change component parameters (AddParameter): Name = "Military Standard"; Value = "Not"; VariantName = "[No Variations]"
Change component parameters (AddParameter): Name = "Min Operating Temperature"; Value = "-55°C"; VariantName = "[No Variations]"
Change component parameters (AddParameter): Name = "Packaging"; Value = "Tape and Reel"; VariantName = "[No Variations]"
Change component parameters (AddParameter): Name = "Power Rating"; Value = "63mW"; VariantName = "[No Variations]"
Change component parameters (AddParameter): Name = "Resistance"; Value = "27R4"; VariantName = "[No Variations]"
Change component parameters (AddParameter): Name = "Resistor Type"; Value = "Thick Film"; VariantName = "[No Variations]"
Change component parameters (AddParameter): Name = "Tolerance"; Value = "5%"; VariantName = "[No Variations]"
Change component parameters (AddParameter): Name = "Voltage Rating (DC)"; Value = "50V"; VariantName = "[No Variations]"
Added Component: Designator=R13(FP-MCR01-IPC_B)
Add component (AddParameter): Name = "Case/Package"; Value = "Molded"; VariantName = "[No Variations]"
Add component (AddParameter): Name = "Depth"; Value = "0.5mm"; VariantName = "[No Variations]"
Add component (AddParameter): Name = "Lead Free"; Value = "Lead Free"; VariantName = "[No Variations]"
Add component (AddParameter): Name = "Length"; Value = "1mm"; VariantName = "[No Variations]"
Add component (AddParameter): Name = "Max Operating Temperature"; Value = "155°C"; VariantName = "[No Variations]"
Add component (AddParameter): Name = "Military Standard"; Value = "Not"; VariantName = "[No Variations]"
Add component (AddParameter): Name = "Min Operating Temperature"; Value = "-55°C"; VariantName = "[No Variations]"
Add component (AddParameter): Name = "Packaging"; Value = "Tape and Reel"; VariantName = "[No Variations]"
Add component (AddParameter): Name = "Power Rating"; Value = "63mW"; VariantName = "[No Variations]"
Add component (AddParameter): Name = "Resistance"; Value = "27R4"; VariantName = "[No Variations]"
Add component (AddParameter): Name = "Resistor Type"; Value = "Thick Film"; VariantName = "[No Variations]"
Add component (AddParameter): Name = "Tolerance"; Value = "5%"; VariantName = "[No Variations]"
Add component (AddParameter): Name = "Voltage Rating (DC)"; Value = "50V"; VariantName = "[No Variations]"
Added Component: Designator=R14(FP-MCR01-IPC_B)
Add component (AddParameter): Name = "Case/Package"; Value = "Molded"; VariantName = "[No Variations]"
Add component (AddParameter): Name = "Depth"; Value = "0.5mm"; VariantName = "[No Variations]"
Add component (AddParameter): Name = "Lead Free"; Value = "Lead Free"; VariantName = "[No Variations]"
Add component (AddParameter): Name = "Length"; Value = "1mm"; VariantName = "[No Variations]"
Add component (AddParameter): Name = "Max Operating Temperature"; Value = "155°C"; VariantName = "[No Variations]"
Add component (AddParameter): Name = "Military Standard"; Value = "Not"; VariantName = "[No Variations]"
Add component (AddParameter): Name = "Min Operating Temperature"; Value = "-55°C"; VariantName = "[No Variations]"
Add component (AddParameter): Name = "Packaging"; Value = "Tape and Reel"; VariantName = "[No Variations]"
Add component (AddParameter): Name = "Power Rating"; Value = "63mW"; VariantName = "[No Variations]"
Add component (AddParameter): Name = "Resistance"; Value = "27R4"; VariantName = "[No Variations]"
Add component (AddParameter): Name = "Resistor Type"; Value = "Thick Film"; VariantName = "[No Variations]"
Add component (AddParameter): Name = "Tolerance"; Value = "5%"; VariantName = "[No Variations]"
Add component (AddParameter): Name = "Voltage Rating (DC)"; Value = "50V"; VariantName = "[No Variations]"
Added Component: Designator=R15(FP-MCR01-IPC_B)
Add component (AddParameter): Name = "Case/Package"; Value = "Molded"; VariantName = "[No Variations]"
Add component (AddParameter): Name = "Depth"; Value = "0.5mm"; VariantName = "[No Variations]"
Add component (AddParameter): Name = "Lead Free"; Value = "Lead Free"; VariantName = "[No Variations]"
Add component (AddParameter): Name = "Length"; Value = "1mm"; VariantName = "[No Variations]"
Add component (AddParameter): Name = "Max Operating Temperature"; Value = "155°C"; VariantName = "[No Variations]"
Add component (AddParameter): Name = "Military Standard"; Value = "Not"; VariantName = "[No Variations]"
Add component (AddParameter): Name = "Min Operating Temperature"; Value = "-55°C"; VariantName = "[No Variations]"
Add component (AddParameter): Name = "Packaging"; Value = "Tape and Reel"; VariantName = "[No Variations]"
Add component (AddParameter): Name = "Power Rating"; Value = "63mW"; VariantName = "[No Variations]"
Add component (AddParameter): Name = "Resistance"; Value = "27R4"; VariantName = "[No Variations]"
Add component (AddParameter): Name = "Resistor Type"; Value = "Thick Film"; VariantName = "[No Variations]"
Add component (AddParameter): Name = "Tolerance"; Value = "5%"; VariantName = "[No Variations]"
Add component (AddParameter): Name = "Voltage Rating (DC)"; Value = "50V"; VariantName = "[No Variations]"
Added Component: Designator=R16(FP-MCR01-IPC_B)
Add component (AddParameter): Name = "Case/Package"; Value = "Molded"; VariantName = "[No Variations]"
Add component (AddParameter): Name = "Depth"; Value = "0.5mm"; VariantName = "[No Variations]"
Add component (AddParameter): Name = "Lead Free"; Value = "Lead Free"; VariantName = "[No Variations]"
Add component (AddParameter): Name = "Length"; Value = "1mm"; VariantName = "[No Variations]"
Add component (AddParameter): Name = "Max Operating Temperature"; Value = "155°C"; VariantName = "[No Variations]"
Add component (AddParameter): Name = "Military Standard"; Value = "Not"; VariantName = "[No Variations]"
Add component (AddParameter): Name = "Min Operating Temperature"; Value = "-55°C"; VariantName = "[No Variations]"
Add component (AddParameter): Name = "Packaging"; Value = "Tape and Reel"; VariantName = "[No Variations]"
Add component (AddParameter): Name = "Power Rating"; Value = "63mW"; VariantName = "[No Variations]"
Add component (AddParameter): Name = "Resistance"; Value = "27R4"; VariantName = "[No Variations]"
Add component (AddParameter): Name = "Resistor Type"; Value = "Thick Film"; VariantName = "[No Variations]"
Add component (AddParameter): Name = "Tolerance"; Value = "5%"; VariantName = "[No Variations]"
Add component (AddParameter): Name = "Voltage Rating (DC)"; Value = "50V"; VariantName = "[No Variations]"
Added Component: Designator=R17(FP-MCR01-IPC_B)
Add component (AddParameter): Name = "Case/Package"; Value = "Molded"; VariantName = "[No Variations]"
Add component (AddParameter): Name = "Depth"; Value = "0.5mm"; VariantName = "[No Variations]"
Add component (AddParameter): Name = "Lead Free"; Value = "Lead Free"; VariantName = "[No Variations]"
Add component (AddParameter): Name = "Length"; Value = "1mm"; VariantName = "[No Variations]"
Add component (AddParameter): Name = "Max Operating Temperature"; Value = "155°C"; VariantName = "[No Variations]"
Add component (AddParameter): Name = "Military Standard"; Value = "Not"; VariantName = "[No Variations]"
Add component (AddParameter): Name = "Min Operating Temperature"; Value = "-55°C"; VariantName = "[No Variations]"
Add component (AddParameter): Name = "Packaging"; Value = "Tape and Reel"; VariantName = "[No Variations]"
Add component (AddParameter): Name = "Power Rating"; Value = "63mW"; VariantName = "[No Variations]"
Add component (AddParameter): Name = "Resistance"; Value = "27R4"; VariantName = "[No Variations]"
Add component (AddParameter): Name = "Resistor Type"; Value = "Thick Film"; VariantName = "[No Variations]"
Add component (AddParameter): Name = "Tolerance"; Value = "5%"; VariantName = "[No Variations]"
Add component (AddParameter): Name = "Voltage Rating (DC)"; Value = "50V"; VariantName = "[No Variations]"
Added Pin To Net: NetName=GPIO19 Pin=R6-1
Added Pin To Net: NetName=GPIO18 Pin=R8-1
Added Pin To Net: NetName=GPIO17 Pin=R10-1
Added Pin To Net: NetName=GPIO20 Pin=R14-1
Added Pin To Net: NetName=GPIO16 Pin=R16-1
Added Pin To Net: NetName=NetD5_2 Pin=U1-32
Added Pin To Net: NetName=NetD4_2 Pin=U1-34
Added Pin To Net: NetName=NetD3_2 Pin=U1-35
Added Pin To Net: NetName=NetD2_2 Pin=U1-36
Added Pin To Net: NetName=NetD1_2 Pin=U1-37
Change Net Name : Old Net Name=GPIO16 New Net Name=NetD21_1
Change Net Name : Old Net Name=GPIO17 New Net Name=NetD11_1
Change Net Name : Old Net Name=GPIO18 New Net Name=NetD6_1
Change Net Name : Old Net Name=GPIO19 New Net Name=NetD1_1
Change Net Name : Old Net Name=GPIO20 New Net Name=NetD16_1
Change Net Name : Old Net Name=NetD1_2 New Net Name=GPIO25
Change Net Name : Old Net Name=NetD2_2 New Net Name=GPIO24
Change Net Name : Old Net Name=NetD3_2 New Net Name=GPIO23
Change Net Name : Old Net Name=NetD4_2 New Net Name=GPIO22
Change Net Name : Old Net Name=NetD5_2 New Net Name=GPIO21
Added Pin To Net: NetName=GPIO16 Pin=R17-2
Added Pin To Net: NetName=GPIO16 Pin=U1-27
Added Net: Name=GPIO16
Added Pin To Net: NetName=GPIO17 Pin=R13-2
Added Pin To Net: NetName=GPIO17 Pin=U1-28
Added Net: Name=GPIO17
Added Pin To Net: NetName=GPIO18 Pin=R9-2
Added Pin To Net: NetName=GPIO18 Pin=U1-29
Added Net: Name=GPIO18
Added Pin To Net: NetName=GPIO19 Pin=R7-2
Added Pin To Net: NetName=GPIO19 Pin=U1-30
Added Net: Name=GPIO19
Added Pin To Net: NetName=GPIO20 Pin=R15-2
Added Pin To Net: NetName=GPIO20 Pin=U1-31
Added Net: Name=GPIO20
Added Pin To Net: NetName=NetR6_2 Pin=R6-2
Added Pin To Net: NetName=NetR6_2 Pin=R7-1
Added Net: Name=NetR6_2
Added Pin To Net: NetName=NetR8_2 Pin=R8-2
Added Pin To Net: NetName=NetR8_2 Pin=R9-1
Added Net: Name=NetR8_2
Added Pin To Net: NetName=NetR10_2 Pin=R10-2
Added Pin To Net: NetName=NetR10_2 Pin=R13-1
Added Net: Name=NetR10_2
Added Pin To Net: NetName=NetR14_2 Pin=R14-2
Added Pin To Net: NetName=NetR14_2 Pin=R15-1
Added Net: Name=NetR14_2
Added Pin To Net: NetName=NetR16_2 Pin=R16-2
Added Pin To Net: NetName=NetR16_2 Pin=R17-1
Added Net: Name=NetR16_2
Added Member To Class: ClassName=LeaversDinner_invite_Sch Member=Component R13 27R4
Added Member To Class: ClassName=LeaversDinner_invite_Sch Member=Component R14 27R4
Added Member To Class: ClassName=LeaversDinner_invite_Sch Member=Component R15 27R4
Added Member To Class: ClassName=LeaversDinner_invite_Sch Member=Component R16 27R4
Added Member To Class: ClassName=LeaversDinner_invite_Sch Member=Component R17 27R4
