Removed Pin From Net: NetName=GND Pin=P?-1
Removed Pin From Net: NetName=GND Pin=P?-2
Removed Pin From Net: NetName=GND Pin=P?-3
Removed Pin From Net: NetName=GND Pin=P?-4
Removed Pin From Net: NetName=GND Pin=P?-5
Removed Pin From Net: NetName=GND Pin=P?-6
Removed Pin From Net: NetName=GND Pin=P?-7
Removed Pin From Net: NetName=GND Pin=P?-8
Added Component: Designator=3V3(ece-HDR1X2)
Add component (AddParameter): Name = "LatestRevisionDate"; Value = "17-Jul-2002"; VariantName = "[No Variations]"
Add component (AddParameter): Name = "LatestRevisionNote"; Value = "Re-released for DXP Platform."; VariantName = "[No Variations]"
Add component (AddParameter): Name = "Publisher"; Value = "Altium Limited"; VariantName = "[No Variations]"
Added Component: Designator=GND(ece-HDR1X2)
Add component (AddParameter): Name = "LatestRevisionDate"; Value = "17-Jul-2002"; VariantName = "[No Variations]"
Add component (AddParameter): Name = "LatestRevisionNote"; Value = "Re-released for DXP Platform."; VariantName = "[No Variations]"
Add component (AddParameter): Name = "Publisher"; Value = "Altium Limited"; VariantName = "[No Variations]"
Added Pin To Net: NetName=3V3 Pin=3V3-1
Added Pin To Net: NetName=3V3 Pin=3V3-2
Added Pin To Net: NetName=GND Pin=GND-1
Added Pin To Net: NetName=GND Pin=GND-2
Added Member To Class: ClassName=LeaversDinner_invite_Sch Member=Component 3V3 Header 2
Added Member To Class: ClassName=LeaversDinner_invite_Sch Member=Component GND Header 2
