Removed Pin From Net: NetName=GPIO0 Pin=R6-2
Removed Pin From Net: NetName=GPIO1 Pin=R7-2
Removed Pin From Net: NetName=GPIO2 Pin=R8-2
Removed Pin From Net: NetName=GPIO3 Pin=R9-2
Removed Pin From Net: NetName=GPIO4 Pin=R10-2
Removed Pin From Net: NetName=GPIO5 Pin=U1-7
Removed Pin From Net: NetName=GPIO6 Pin=U1-8
Removed Pin From Net: NetName=GPIO7 Pin=U1-9
Removed Pin From Net: NetName=GPIO8 Pin=U1-11
Removed Pin From Net: NetName=GPIO9 Pin=U1-12
Change Component Footprint: Designator=P? Old Footprint=HDR2X10_CEN New Footprint=HDR2X8
Change Component Comment : Designator=P? Old Comment=Header 10X2A New Comment=Header 8X2
Added Pin To Net: NetName=GPIO0 Pin=P?-1
Added Pin To Net: NetName=GPIO1 Pin=P?-2
Added Pin To Net: NetName=GPIO2 Pin=P?-3
Added Pin To Net: NetName=GPIO3 Pin=P?-4
Added Pin To Net: NetName=GPIO4 Pin=P?-5
Added Pin To Net: NetName=GPIO10 Pin=P?-11
Added Pin To Net: NetName=GPIO11 Pin=P?-12
Added Pin To Net: NetName=GPIO12 Pin=P?-13
Added Pin To Net: NetName=GPIO13 Pin=P?-14
Added Pin To Net: NetName=GPIO14 Pin=P?-15
Added Pin To Net: NetName=GPIO15 Pin=P?-16
Change Net Name : Old Net Name=GPIO5 New Net Name=LED_R1
Change Net Name : Old Net Name=GPIO6 New Net Name=LED_R2
Change Net Name : Old Net Name=GPIO7 New Net Name=LED_R3
Change Net Name : Old Net Name=GPIO8 New Net Name=LED_R4
Change Net Name : Old Net Name=GPIO9 New Net Name=LED_R5
Added Pin To Net: NetName=GPIO5 Pin=P?-6
Added Pin To Net: NetName=GPIO5 Pin=U1-7
Added Net: Name=GPIO5
Added Pin To Net: NetName=GPIO6 Pin=P?-7
Added Pin To Net: NetName=GPIO6 Pin=U1-8
Added Net: Name=GPIO6
Added Pin To Net: NetName=GPIO7 Pin=P?-8
Added Pin To Net: NetName=GPIO7 Pin=U1-9
Added Net: Name=GPIO7
Added Pin To Net: NetName=GPIO8 Pin=P?-9
Added Pin To Net: NetName=GPIO8 Pin=U1-11
Added Net: Name=GPIO8
Added Pin To Net: NetName=GPIO9 Pin=P?-10
Added Pin To Net: NetName=GPIO9 Pin=U1-12
Added Net: Name=GPIO9
Added Pin To Net: NetName=LED_C1 Pin=R6-2
Added Net: Name=LED_C1
Added Pin To Net: NetName=LED_C2 Pin=R7-2
Added Net: Name=LED_C2
Added Pin To Net: NetName=LED_C3 Pin=R8-2
Added Net: Name=LED_C3
Added Pin To Net: NetName=LED_C4 Pin=R9-2
Added Net: Name=LED_C4
Added Pin To Net: NetName=LED_C5 Pin=R10-2
Added Net: Name=LED_C5
Added Rule: Name=Schematic Supply Nets_29
Added Rule: Name=Schematic Supply Nets_48
Added Rule: Name=Schematic Supply Nets_49
Added Rule: Name=Schematic Supply Nets_51
Added Rule: Name=Schematic Supply Nets_52
Added Rule: Name=Schematic Supply Nets_53
Added Rule: Name=Schematic Supply Nets_54
Added Rule: Name=Schematic Supply Nets_55
Added Rule: Name=Schematic Supply Nets_56
Added Rule: Name=Schematic Supply Nets_57
