Change Component Designator: OldDesignator=U? NewDesignator=U2
Added Component: Designator=P1(HDR1X5)
Add component (AddParameter): Name = "LatestRevisionDate"; Value = "17-Jul-2002"; VariantName = "[No Variations]"
Add component (AddParameter): Name = "LatestRevisionNote"; Value = "Re-released for DXP Platform."; VariantName = "[No Variations]"
Add component (AddParameter): Name = "Publisher"; Value = "Altium Limited"; VariantName = "[No Variations]"
Added Component: Designator=P2(HDR1X5)
Add component (AddParameter): Name = "LatestRevisionDate"; Value = "17-Jul-2002"; VariantName = "[No Variations]"
Add component (AddParameter): Name = "LatestRevisionNote"; Value = "Re-released for DXP Platform."; VariantName = "[No Variations]"
Add component (AddParameter): Name = "Publisher"; Value = "Altium Limited"; VariantName = "[No Variations]"
Added Component: Designator=P3(HDR1X6)
Add component (AddParameter): Name = "LatestRevisionDate"; Value = "17-Jul-2002"; VariantName = "[No Variations]"
Add component (AddParameter): Name = "LatestRevisionNote"; Value = "Re-released for DXP Platform."; VariantName = "[No Variations]"
Add component (AddParameter): Name = "Publisher"; Value = "Altium Limited"; VariantName = "[No Variations]"
Added Pin To Net: NetName=GPIO14 Pin=P1-1
Added Pin To Net: NetName=GPIO13 Pin=P1-2
Added Pin To Net: NetName=GPIO12 Pin=P1-3
Added Pin To Net: NetName=GPIO11 Pin=P1-4
Added Pin To Net: NetName=GPIO10 Pin=P1-5
Added Pin To Net: NetName=GPIO19 Pin=P2-1
Added Pin To Net: NetName=GPIO18 Pin=P2-2
Added Pin To Net: NetName=GPIO17 Pin=P2-3
Added Pin To Net: NetName=GPIO16 Pin=P2-4
Added Pin To Net: NetName=GPIO15 Pin=P2-5
Added Pin To Net: NetName=GPIO25 Pin=P3-1
Added Pin To Net: NetName=GPIO24 Pin=P3-2
Added Pin To Net: NetName=GPIO23 Pin=P3-3
Added Pin To Net: NetName=GPIO22 Pin=P3-4
Added Pin To Net: NetName=GPIO21 Pin=P3-5
Added Pin To Net: NetName=GPIO20 Pin=P3-6
Added Member To Class: ClassName=LeaversDinner_invite_Sch Member=Component P1 Header 5
Added Member To Class: ClassName=LeaversDinner_invite_Sch Member=Component P2 Header 5
Added Member To Class: ClassName=LeaversDinner_invite_Sch Member=Component P3 Header 6
