Removed Pin From Net: NetName=GPIO15 Pin=P1-1
Removed Pin From Net: NetName=GPIO14 Pin=P1-2
Removed Pin From Net: NetName=GPIO13 Pin=P1-3
Removed Pin From Net: NetName=GPIO12 Pin=P1-4
Removed Pin From Net: NetName=GPIO11 Pin=P1-5
Removed Pin From Net: NetName=GPIO10 Pin=P1-6
Removed Pin From Net: NetName=GPIO19 Pin=P2-1
Removed Pin From Net: NetName=GPIO18 Pin=P2-2
Removed Pin From Net: NetName=GPIO17 Pin=P2-3
Removed Pin From Net: NetName=GPIO16 Pin=P2-4
Removed Pin From Net: NetName=GPIO25 Pin=P3-1
Removed Pin From Net: NetName=GPIO24 Pin=P3-2
Removed Pin From Net: NetName=GPIO23 Pin=P3-3
Removed Pin From Net: NetName=GPIO22 Pin=P3-4
Removed Pin From Net: NetName=GPIO21 Pin=P3-5
Removed Pin From Net: NetName=GPIO20 Pin=P3-6
Removed Member From Class: ClassName=LeaversDinner_invite_Sch Member=P1
Removed Member From Class: ClassName=LeaversDinner_invite_Sch Member=P2
Removed Member From Class: ClassName=LeaversDinner_invite_Sch Member=P3
Added Component: Designator=P?(HDR2X10_CEN)
Add component (AddParameter): Name = "LatestRevisionDate"; Value = "17-Jul-2002"; VariantName = "[No Variations]"
Add component (AddParameter): Name = "LatestRevisionNote"; Value = "Re-released for DXP Platform."; VariantName = "[No Variations]"
Add component (AddParameter): Name = "Publisher"; Value = "Altium Limited"; VariantName = "[No Variations]"
Added Member To Class: ClassName=LeaversDinner_invite_Sch Member=Component P? Header 10X2A
