Removed Pin From Net: NetName=USB_DP Pin=R1-2
Removed Pin From Net: NetName=USB_DM Pin=R2-2
Removed Pin From Net: NetName=NetBOOTSEL_2 Pin=R4-1
Removed Pin From Net: NetName=QSPI_SS Pin=R4-2
Removed Pin From Net: NetName=RUN Pin=R5-1
Removed Pin From Net: NetName=3V3 Pin=R5-2
Removed Pin From Net: NetName=USB_DM Pin=U1-46
Removed Pin From Net: NetName=USB_DP Pin=U1-47
Change Component Footprint: Designator=R1 Old Footprint=J0-0402 New Footprint=FP-MCR01-IPC_B
Change Component Footprint: Designator=R2 Old Footprint=J0-0402 New Footprint=FP-MCR01-IPC_B
Change Component Footprint: Designator=R3 Old Footprint=J0-0402 New Footprint=FP-MCR01-IPC_B
Change Component Footprint: Designator=R4 Old Footprint=J0-0402 New Footprint=FP-MCR01-IPC_B
Change Component Footprint: Designator=R5 Old Footprint=J0-0402 New Footprint=FP-MCR01-IPC_B
Change Managed Component Library Link : Designator=R1 Old VaultGUID= New VaultGUID=B7D15EC3-160A-466F-A46C-7801FE6295A7 Old ItemGUID= New ItemGUID=F5F4B9A8-7F57-4342-A7C1-36325C05B726 Old RevisionGUID= New RevisionGUID=9FE5B989-F644-4CDE-A630-2018A3E15138
Change Managed Component Library Link : Designator=R2 Old VaultGUID= New VaultGUID=B7D15EC3-160A-466F-A46C-7801FE6295A7 Old ItemGUID= New ItemGUID=F5F4B9A8-7F57-4342-A7C1-36325C05B726 Old RevisionGUID= New RevisionGUID=9FE5B989-F644-4CDE-A630-2018A3E15138
Change Managed Component Library Link : Designator=R3 Old VaultGUID= New VaultGUID=B7D15EC3-160A-466F-A46C-7801FE6295A7 Old ItemGUID= New ItemGUID=F5F4B9A8-7F57-4342-A7C1-36325C05B726 Old RevisionGUID= New RevisionGUID=9FE5B989-F644-4CDE-A630-2018A3E15138
Change Managed Component Library Link : Designator=R4 Old VaultGUID= New VaultGUID=B7D15EC3-160A-466F-A46C-7801FE6295A7 Old ItemGUID= New ItemGUID=F5F4B9A8-7F57-4342-A7C1-36325C05B726 Old RevisionGUID= New RevisionGUID=9FE5B989-F644-4CDE-A630-2018A3E15138
Change Managed Component Library Link : Designator=R5 Old VaultGUID= New VaultGUID=B7D15EC3-160A-466F-A46C-7801FE6295A7 Old ItemGUID= New ItemGUID=F5F4B9A8-7F57-4342-A7C1-36325C05B726 Old RevisionGUID= New RevisionGUID=9FE5B989-F644-4CDE-A630-2018A3E15138
Change component parameters: Designator = "R1" ("R1"); Footprint = "J0-0402"; UniqueID = "\GXCXQOXN" ("\GXCXQOXN")
Change component parameters (AddParameter): Name = "Case/Package"; Value = "Molded"; VariantName = "[No Variations]"
Change component parameters (AddParameter): Name = "Depth"; Value = "0.5mm"; VariantName = "[No Variations]"
Change component parameters (AddParameter): Name = "Lead Free"; Value = "Lead Free"; VariantName = "[No Variations]"
Change component parameters (AddParameter): Name = "Length"; Value = "1mm"; VariantName = "[No Variations]"
Change component parameters (AddParameter): Name = "Max Operating Temperature"; Value = "155°C"; VariantName = "[No Variations]"
Change component parameters (AddParameter): Name = "Military Standard"; Value = "Not"; VariantName = "[No Variations]"
Change component parameters (AddParameter): Name = "Min Operating Temperature"; Value = "-55°C"; VariantName = "[No Variations]"
Change component parameters (AddParameter): Name = "Packaging"; Value = "Tape and Reel"; VariantName = "[No Variations]"
Change component parameters (AddParameter): Name = "Power Rating"; Value = "63mW"; VariantName = "[No Variations]"
Change component parameters (AddParameter): Name = "Resistance"; Value = "27R4"; VariantName = "[No Variations]"
Change component parameters (AddParameter): Name = "Resistor Type"; Value = "Thick Film"; VariantName = "[No Variations]"
Change component parameters (AddParameter): Name = "Tolerance"; Value = "5%"; VariantName = "[No Variations]"
Change component parameters (AddParameter): Name = "Voltage Rating (DC)"; Value = "50V"; VariantName = "[No Variations]"
Change component parameters: Designator = "R2" ("R2"); Footprint = "J0-0402"; UniqueID = "\JIBFXWDK" ("\JIBFXWDK")
Change component parameters (AddParameter): Name = "Case/Package"; Value = "Molded"; VariantName = "[No Variations]"
Change component parameters (AddParameter): Name = "Depth"; Value = "0.5mm"; VariantName = "[No Variations]"
Change component parameters (AddParameter): Name = "Lead Free"; Value = "Lead Free"; VariantName = "[No Variations]"
Change component parameters (AddParameter): Name = "Length"; Value = "1mm"; VariantName = "[No Variations]"
Change component parameters (AddParameter): Name = "Max Operating Temperature"; Value = "155°C"; VariantName = "[No Variations]"
Change component parameters (AddParameter): Name = "Military Standard"; Value = "Not"; VariantName = "[No Variations]"
Change component parameters (AddParameter): Name = "Min Operating Temperature"; Value = "-55°C"; VariantName = "[No Variations]"
Change component parameters (AddParameter): Name = "Packaging"; Value = "Tape and Reel"; VariantName = "[No Variations]"
Change component parameters (AddParameter): Name = "Power Rating"; Value = "63mW"; VariantName = "[No Variations]"
Change component parameters (AddParameter): Name = "Resistance"; Value = "27R4"; VariantName = "[No Variations]"
Change component parameters (AddParameter): Name = "Resistor Type"; Value = "Thick Film"; VariantName = "[No Variations]"
Change component parameters (AddParameter): Name = "Tolerance"; Value = "5%"; VariantName = "[No Variations]"
Change component parameters (AddParameter): Name = "Voltage Rating (DC)"; Value = "50V"; VariantName = "[No Variations]"
Change component parameters: Designator = "R3" ("R3"); Footprint = "J0-0402"; UniqueID = "\TJJQNPVI" ("\TJJQNPVI")
Change component parameters (AddParameter): Name = "Case/Package"; Value = "Molded"; VariantName = "[No Variations]"
Change component parameters (AddParameter): Name = "Depth"; Value = "0.5mm"; VariantName = "[No Variations]"
Change component parameters (AddParameter): Name = "Lead Free"; Value = "Lead Free"; VariantName = "[No Variations]"
Change component parameters (AddParameter): Name = "Length"; Value = "1mm"; VariantName = "[No Variations]"
Change component parameters (AddParameter): Name = "Max Operating Temperature"; Value = "155°C"; VariantName = "[No Variations]"
Change component parameters (AddParameter): Name = "Military Standard"; Value = "Not"; VariantName = "[No Variations]"
Change component parameters (AddParameter): Name = "Min Operating Temperature"; Value = "-55°C"; VariantName = "[No Variations]"
Change component parameters (AddParameter): Name = "Packaging"; Value = "Tape and Reel"; VariantName = "[No Variations]"
Change component parameters (AddParameter): Name = "Power Rating"; Value = "63mW"; VariantName = "[No Variations]"
Change component parameters (AddParameter): Name = "Resistance"; Value = "DNP"; VariantName = "[No Variations]"
Change component parameters (AddParameter): Name = "Resistor Type"; Value = "Thick Film"; VariantName = "[No Variations]"
Change component parameters (AddParameter): Name = "Tolerance"; Value = "5%"; VariantName = "[No Variations]"
Change component parameters (AddParameter): Name = "Voltage Rating (DC)"; Value = "50V"; VariantName = "[No Variations]"
Change component parameters: Designator = "R4" ("R4"); Footprint = "J0-0402"; UniqueID = "\XKFASTNN" ("\XKFASTNN")
Change component parameters (AddParameter): Name = "Case/Package"; Value = "Molded"; VariantName = "[No Variations]"
Change component parameters (AddParameter): Name = "Depth"; Value = "0.5mm"; VariantName = "[No Variations]"
Change component parameters (AddParameter): Name = "Lead Free"; Value = "Lead Free"; VariantName = "[No Variations]"
Change component parameters (AddParameter): Name = "Length"; Value = "1mm"; VariantName = "[No Variations]"
Change component parameters (AddParameter): Name = "Max Operating Temperature"; Value = "155°C"; VariantName = "[No Variations]"
Change component parameters (AddParameter): Name = "Military Standard"; Value = "Not"; VariantName = "[No Variations]"
Change component parameters (AddParameter): Name = "Min Operating Temperature"; Value = "-55°C"; VariantName = "[No Variations]"
Change component parameters (AddParameter): Name = "Packaging"; Value = "Tape and Reel"; VariantName = "[No Variations]"
Change component parameters (AddParameter): Name = "Power Rating"; Value = "63mW"; VariantName = "[No Variations]"
Change component parameters (AddParameter): Name = "Resistance"; Value = "1K"; VariantName = "[No Variations]"
Change component parameters (AddParameter): Name = "Resistor Type"; Value = "Thick Film"; VariantName = "[No Variations]"
Change component parameters (AddParameter): Name = "Tolerance"; Value = "5%"; VariantName = "[No Variations]"
Change component parameters (AddParameter): Name = "Voltage Rating (DC)"; Value = "50V"; VariantName = "[No Variations]"
Change component parameters: Designator = "R5" ("R5"); Footprint = "J0-0402"; UniqueID = "\YZJVQSAK" ("\YZJVQSAK")
Change component parameters (AddParameter): Name = "Case/Package"; Value = "Molded"; VariantName = "[No Variations]"
Change component parameters (AddParameter): Name = "Depth"; Value = "0.5mm"; VariantName = "[No Variations]"
Change component parameters (AddParameter): Name = "Lead Free"; Value = "Lead Free"; VariantName = "[No Variations]"
Change component parameters (AddParameter): Name = "Length"; Value = "1mm"; VariantName = "[No Variations]"
Change component parameters (AddParameter): Name = "Max Operating Temperature"; Value = "155°C"; VariantName = "[No Variations]"
Change component parameters (AddParameter): Name = "Military Standard"; Value = "Not"; VariantName = "[No Variations]"
Change component parameters (AddParameter): Name = "Min Operating Temperature"; Value = "-55°C"; VariantName = "[No Variations]"
Change component parameters (AddParameter): Name = "Packaging"; Value = "Tape and Reel"; VariantName = "[No Variations]"
Change component parameters (AddParameter): Name = "Power Rating"; Value = "63mW"; VariantName = "[No Variations]"
Change component parameters (AddParameter): Name = "Resistance"; Value = "10K"; VariantName = "[No Variations]"
Change component parameters (AddParameter): Name = "Resistor Type"; Value = "Thick Film"; VariantName = "[No Variations]"
Change component parameters (AddParameter): Name = "Tolerance"; Value = "5%"; VariantName = "[No Variations]"
Change component parameters (AddParameter): Name = "Voltage Rating (DC)"; Value = "50V"; VariantName = "[No Variations]"
Added Pin To Net: NetName=USB_DP Pin=J1-A6
Added Pin To Net: NetName=USB_DM Pin=J1-A7
Added Pin To Net: NetName=USB_DP Pin=J1-B6
Added Pin To Net: NetName=USB_DM Pin=J1-B7
Added Pin To Net: NetName=USB_DP Pin=R1-1
Added Pin To Net: NetName=USB_DM Pin=R2-1
Added Pin To Net: NetName=QSPI_SS Pin=R4-1
Added Pin To Net: NetName=NetBOOTSEL_2 Pin=R4-2
Added Pin To Net: NetName=3V3 Pin=R5-1
Added Pin To Net: NetName=RUN Pin=R5-2
Added Pin To Net: NetName=MCU_USB_DM Pin=R2-2
Added Net: Name=MCU_USB_DM
Added Pin To Net: NetName=MCU_USB_DP Pin=R1-2
Added Net: Name=MCU_USB_DP
Added Pin To Net: NetName=MSU_USB_DM Pin=U1-46
Added Net: Name=MSU_USB_DM
Added Pin To Net: NetName=MSU_USB_DP Pin=U1-47
Added Net: Name=MSU_USB_DP
Added Rule: Name=Schematic Supply Nets_47
Added Rule: Name=Schematic Supply Nets_48
Added Rule: Name=Schematic Supply Nets_49
Added Rule: Name=Schematic Supply Nets_50
